<?xml version="1.0" encoding="UTF-8"?>
<testsuite xmlns:xsi="http://www.w3.org/2001/XMLSchema-instance" xsi:noNamespaceSchemaLocation="https://maven.apache.org/surefire/maven-surefire-plugin/xsd/surefire-test-report-3.0.xsd" version="3.0" name="com.mycompany.app.AppTest" time="0.06" tests="2" errors="0" skipped="0" failures="0">
  <properties>
    <property name="java.specification.version" value="17"/>
    <property name="sun.cpu.isalist" value="amd64"/>
    <property name="sun.jnu.encoding" value="Cp1252"/>
    <property name="java.class.path" value="C:\Work\ang5\SimpleMaven\target\test-classes;C:\Work\ang5\SimpleMaven\target\classes;C:\Users\wensh\.m2\repository\com\fasterxml\jackson\core\jackson-annotations\2.9.1\jackson-annotations-2.9.1.jar;C:\Users\wensh\.m2\repository\com\fasterxml\jackson\core\jackson-databind\2.9.1\jackson-databind-2.9.1.jar;C:\Users\wensh\.m2\repository\com\fasterxml\jackson\core\jackson-core\2.9.1\jackson-core-2.9.1.jar;C:\Users\wensh\.m2\repository\org\junit\jupiter\junit-jupiter-api\5.10.1\junit-jupiter-api-5.10.1.jar;C:\Users\wensh\.m2\repository\org\opentest4j\opentest4j\1.3.0\opentest4j-1.3.0.jar;C:\Users\wensh\.m2\repository\org\junit\platform\junit-platform-commons\1.10.1\junit-platform-commons-1.10.1.jar;C:\Users\wensh\.m2\repository\org\apiguardian\apiguardian-api\1.1.2\apiguardian-api-1.1.2.jar;"/>
    <property name="java.vm.vendor" value="Oracle Corporation"/>
    <property name="sun.arch.data.model" value="64"/>
    <property name="user.variant" value=""/>
    <property name="java.vendor.url" value="https://java.oracle.com/"/>
    <property name="user.timezone" value="America/New_York"/>
    <property name="os.name" value="Windows 11"/>
    <property name="java.vm.specification.version" value="17"/>
    <property name="sun.java.launcher" value="SUN_STANDARD"/>
    <property name="user.country" value="US"/>
    <property name="sun.boot.library.path" value="C:\Progra~1\Java\jdk-17\bin"/>
    <property name="sun.java.command" value="C:\Users\wensh\AppData\Local\Temp\surefire4332598765328093785\surefirebooter-20231130070528296_3.jar C:\Users\wensh\AppData\Local\Temp\surefire4332598765328093785 2023-11-30T07-05-28_025-jvmRun1 surefire-20231130070528296_1tmp surefire_0-20231130070528296_2tmp"/>
    <property name="jdk.debug" value="release"/>
    <property name="surefire.test.class.path" value="C:\Work\ang5\SimpleMaven\target\test-classes;C:\Work\ang5\SimpleMaven\target\classes;C:\Users\wensh\.m2\repository\com\fasterxml\jackson\core\jackson-annotations\2.9.1\jackson-annotations-2.9.1.jar;C:\Users\wensh\.m2\repository\com\fasterxml\jackson\core\jackson-databind\2.9.1\jackson-databind-2.9.1.jar;C:\Users\wensh\.m2\repository\com\fasterxml\jackson\core\jackson-core\2.9.1\jackson-core-2.9.1.jar;C:\Users\wensh\.m2\repository\org\junit\jupiter\junit-jupiter-api\5.10.1\junit-jupiter-api-5.10.1.jar;C:\Users\wensh\.m2\repository\org\opentest4j\opentest4j\1.3.0\opentest4j-1.3.0.jar;C:\Users\wensh\.m2\repository\org\junit\platform\junit-platform-commons\1.10.1\junit-platform-commons-1.10.1.jar;C:\Users\wensh\.m2\repository\org\apiguardian\apiguardian-api\1.1.2\apiguardian-api-1.1.2.jar;"/>
    <property name="sun.cpu.endian" value="little"/>
    <property name="user.home" value="C:\Users\wensh"/>
    <property name="user.language" value="en"/>
    <property name="java.specification.vendor" value="Oracle Corporation"/>
    <property name="java.version.date" value="2023-07-18"/>
    <property name="java.home" value="C:\Progra~1\Java\jdk-17"/>
    <property name="file.separator" value="\"/>
    <property name="basedir" value="C:\Work\ang5\SimpleMaven"/>
    <property name="java.vm.compressedOopsMode" value="Zero based"/>
    <property name="line.separator" value="&#10;"/>
    <property name="java.vm.specification.vendor" value="Oracle Corporation"/>
    <property name="java.specification.name" value="Java Platform API Specification"/>
    <property name="surefire.real.class.path" value="C:\Users\wensh\AppData\Local\Temp\surefire4332598765328093785\surefirebooter-20231130070528296_3.jar"/>
    <property name="user.script" value=""/>
    <property name="sun.management.compiler" value="HotSpot 64-Bit Tiered Compilers"/>
    <property name="java.runtime.version" value="17.0.8+9-LTS-211"/>
    <property name="user.name" value="wensh"/>
    <property name="path.separator" value=";"/>
    <property name="os.version" value="10.0"/>
    <property name="java.runtime.name" value="Java(TM) SE Runtime Environment"/>
    <property name="file.encoding" value="Cp1252"/>
    <property name="java.vm.name" value="Java HotSpot(TM) 64-Bit Server VM"/>
    <property name="localRepository" value="C:\Users\wensh\.m2\repository"/>
    <property name="java.vendor.url.bug" value="https://bugreport.java.com/bugreport/"/>
    <property name="java.io.tmpdir" value="C:\Users\wensh\AppData\Local\Temp\"/>
    <property name="java.version" value="17.0.8"/>
    <property name="user.dir" value="C:\Work\ang5\SimpleMaven"/>
    <property name="os.arch" value="amd64"/>
    <property name="java.vm.specification.name" value="Java Virtual Machine Specification"/>
    <property name="sun.os.patch.level" value=""/>
    <property name="native.encoding" value="Cp1252"/>
    <property name="java.library.path" value="C:\Progra~1\Java\jdk-17\bin;C:\WINDOWS\Sun\Java\bin;C:\WINDOWS\system32;C:\WINDOWS;C:\Program Files\Common Files\Oracle\Java\javapath;C:\WINDOWS\system32;C:\WINDOWS;C:\WINDOWS\System32\Wbem;C:\WINDOWS\System32\WindowsPowerShell\v1.0\;C:\WINDOWS\System32\OpenSSH\;C:\Program Files\Git\cmd;C:\Program Files\Git\usr\bin;C:\Program Files\GitHub CLI\;C:\ProgramData\chocolatey\bin;C:\Development\node-v16.19.0-win-x64;C:\Users\wensh\AppData\Local\Programs\Python\Python37;C:\Users\wensh\AppData\Local\Programs\Python\Python37\Scripts;C:\Program Files\WinMerge;C:\Program Files\PuTTY\;C:\Program Files\Docker\Docker\resources\bin;C:\Users\wensh\scoop\shims;C:\Users\wensh\AppData\Local\Microsoft\WindowsApps;C:\Progra~1\Java\jdk-17\bin;C:\Program Files\heroku\bin;C:\Users\wensh\AppData\Roaming\npm;C:\Development\vim\vim72;C:\Gradle\gradle-7.6\bin;C:\Users\wensh\AppData\Local\Programs\mongosh\;C:\Development\mongodb-database-tools-windows-x86_64-100.6.1\bin;C:\Users\wensh\AppData\Local\Programs\Python\Python37;C:\Development\google-cloud-sdk\bin;C:\Program Files\R\R-4.2.3\bin;C:\Development\apache-maven-3.9.1\bin;C:\Users\wensh\AppData\Local\Programs\Microsoft VS Code\bin;c:\minikube;;."/>
    <property name="java.vm.info" value="mixed mode, sharing"/>
    <property name="java.vendor" value="Oracle Corporation"/>
    <property name="java.vm.version" value="17.0.8+9-LTS-211"/>
    <property name="sun.io.unicode.encoding" value="UnicodeLittle"/>
    <property name="java.class.version" value="61.0"/>
  </properties>
  <testcase name="testAppConstructor" classname="com.mycompany.app.AppTest" time="0.036"/>
  <testcase name="testAppMessage" classname="com.mycompany.app.AppTest" time="0.001"/>
</testsuite>